Determining if the pthread_create exist failed with the following output:
Change Dir: /home/jiwoo/catkin_ws/build/joystick/CMakeFiles/CMakeTmp

Run Build Command:"/usr/bin/make" "cmTC_cf512/fast"
/usr/bin/make -f CMakeFiles/cmTC_cf512.dir/build.make CMakeFiles/cmTC_cf512.dir/build
make[1]: Entering directory '/home/jiwoo/catkin_ws/build/joystick/CMakeFiles/CMakeTmp'
Building C object CMakeFiles/cmTC_cf512.dir/CheckSymbolExists.c.o
/usr/bin/cc    -o CMakeFiles/cmTC_cf512.dir/CheckSymbolExists.c.o   -c /home/jiwoo/catkin_ws/build/joystick/CMakeFiles/CMakeTmp/CheckSymbolExists.c
Linking C executable cmTC_cf512
/usr/bin/cmake -E cmake_link_script CMakeFiles/cmTC_cf512.dir/link.txt --verbose=1
/usr/bin/cc      -rdynamic CMakeFiles/cmTC_cf512.dir/CheckSymbolExists.c.o  -o cmTC_cf512 
CMakeFiles/cmTC_cf512.dir/CheckSymbolExists.c.o: In function `main':
CheckSymbolExists.c:(.text+0x1b): undefined reference to `pthread_create'
collect2: error: ld returned 1 exit status
CMakeFiles/cmTC_cf512.dir/build.make:97: recipe for target 'cmTC_cf512' failed
make[1]: *** [cmTC_cf512] Error 1
make[1]: Leaving directory '/home/jiwoo/catkin_ws/build/joystick/CMakeFiles/CMakeTmp'
Makefile:126: recipe for target 'cmTC_cf512/fast' failed
make: *** [cmTC_cf512/fast] Error 2

File /home/jiwoo/catkin_ws/build/joystick/CMakeFiles/CMakeTmp/CheckSymbolExists.c:
/* */
#include <pthread.h>

int main(int argc, char** argv)
{
  (void)argv;
#ifndef pthread_create
  return ((int*)(&pthread_create))[argc];
#else
  (void)argc;
  return 0;
#endif
}

Determining if the function pthread_create exists in the pthreads failed with the following output:
Change Dir: /home/jiwoo/catkin_ws/build/joystick/CMakeFiles/CMakeTmp

Run Build Command:"/usr/bin/make" "cmTC_b88cf/fast"
/usr/bin/make -f CMakeFiles/cmTC_b88cf.dir/build.make CMakeFiles/cmTC_b88cf.dir/build
make[1]: Entering directory '/home/jiwoo/catkin_ws/build/joystick/CMakeFiles/CMakeTmp'
Building C object CMakeFiles/cmTC_b88cf.dir/CheckFunctionExists.c.o
/usr/bin/cc   -DCHECK_FUNCTION_EXISTS=pthread_create   -o CMakeFiles/cmTC_b88cf.dir/CheckFunctionExists.c.o   -c /usr/share/cmake-3.10/Modules/CheckFunctionExists.c
Linking C executable cmTC_b88cf
/usr/bin/cmake -E cmake_link_script CMakeFiles/cmTC_b88cf.dir/link.txt --verbose=1
/usr/bin/cc  -DCHECK_FUNCTION_EXISTS=pthread_create    -rdynamic CMakeFiles/cmTC_b88cf.dir/CheckFunctionExists.c.o  -o cmTC_b88cf -lpthreads 
/usr/bin/ld: cannot find -lpthreads
collect2: error: ld returned 1 exit status
CMakeFiles/cmTC_b88cf.dir/build.make:97: recipe for target 'cmTC_b88cf' failed
make[1]: *** [cmTC_b88cf] Error 1
make[1]: Leaving directory '/home/jiwoo/catkin_ws/build/joystick/CMakeFiles/CMakeTmp'
Makefile:126: recipe for target 'cmTC_b88cf/fast' failed
make: *** [cmTC_b88cf/fast] Error 2


