Not searching for unused variables given on the command line.
[36m--[0m Using CATKIN_DEVEL_PREFIX: /home/jiwoo/catkin_ws/devel/.private/launchgui
[36m--[0m Using CMAKE_PREFIX_PATH: /home/jiwoo/catkinmake_ws/devel;/home/jiwoo/catkin_ws/devel/.private/catkin_tools_prebuild;/home/jiwoo/catkin_ws/devel;/opt/ros/melodic
[36m--[0m This workspace overlays: /home/jiwoo/catkinmake_ws/devel;/home/jiwoo/catkin_ws/devel/.private/catkin_tools_prebuild;/home/jiwoo/catkin_ws/devel;/opt/ros/melodic
[36m--[0m Found PythonInterp: /usr/bin/python2 (found suitable version "2.7.17", minimum required is "2")
[36m--[0m Using PYTHON_EXECUTABLE: /usr/bin/python2
[36m--[0m Using Debian Python package layout
[36m--[0m Using empy: /usr/bin/empy
[36m--[0m Using CATKIN_ENABLE_TESTING: ON
[36m--[0m Call enable_testing()
[36m--[0m Using CATKIN_TEST_RESULTS_DIR: /home/jiwoo/catkin_ws/build/launchgui/test_results
[36m--[0m Found gtest sources under '/usr/src/googletest': gtests will be built
[36m--[0m Found gmock sources under '/usr/src/googletest': gmock will be built
[36m--[0m Found PythonInterp: /usr/bin/python2 (found version "2.7.17")
[36m--[0m Using Python nosetests: /usr/bin/nosetests-2.7
[36m--[0m catkin 0.7.29
[36m--[0m BUILD_SHARED_LIBS is on
qmake: could not find a Qt installation of ''
[36m--[0m Found unsuitable Qt version "" from NOTFOUND
[31m[1mCMake Error[0m at /home/jiwoo/catkin_ws/src/launchgui/CMakeLists.txt:36 (QT4_ADD_RESOURCES):
  Unknown CMake command "QT4_ADD_RESOURCES".


[36m--[0m Configuring incomplete, errors occurred!
See also "/home/jiwoo/catkin_ws/build/launchgui/CMakeFiles/CMakeOutput.log".
See also "/home/jiwoo/catkin_ws/build/launchgui/CMakeFiles/CMakeError.log".
