Determining if the pthread_create exist failed with the following output:
Change Dir: /home/jiwoo/catkin_ws/build/launchgui/CMakeFiles/CMakeTmp

Run Build Command:"/usr/bin/make" "cmTC_d4050/fast"
/usr/bin/make -f CMakeFiles/cmTC_d4050.dir/build.make CMakeFiles/cmTC_d4050.dir/build
make[1]: Entering directory '/home/jiwoo/catkin_ws/build/launchgui/CMakeFiles/CMakeTmp'
Building C object CMakeFiles/cmTC_d4050.dir/CheckSymbolExists.c.o
/usr/bin/cc    -o CMakeFiles/cmTC_d4050.dir/CheckSymbolExists.c.o   -c /home/jiwoo/catkin_ws/build/launchgui/CMakeFiles/CMakeTmp/CheckSymbolExists.c
Linking C executable cmTC_d4050
/usr/bin/cmake -E cmake_link_script CMakeFiles/cmTC_d4050.dir/link.txt --verbose=1
/usr/bin/cc      -rdynamic CMakeFiles/cmTC_d4050.dir/CheckSymbolExists.c.o  -o cmTC_d4050 
CMakeFiles/cmTC_d4050.dir/CheckSymbolExists.c.o: In function `main':
CheckSymbolExists.c:(.text+0x1b): undefined reference to `pthread_create'
collect2: error: ld returned 1 exit status
CMakeFiles/cmTC_d4050.dir/build.make:97: recipe for target 'cmTC_d4050' failed
make[1]: *** [cmTC_d4050] Error 1
make[1]: Leaving directory '/home/jiwoo/catkin_ws/build/launchgui/CMakeFiles/CMakeTmp'
Makefile:126: recipe for target 'cmTC_d4050/fast' failed
make: *** [cmTC_d4050/fast] Error 2

File /home/jiwoo/catkin_ws/build/launchgui/CMakeFiles/CMakeTmp/CheckSymbolExists.c:
/* */
#include <pthread.h>

int main(int argc, char** argv)
{
  (void)argv;
#ifndef pthread_create
  return ((int*)(&pthread_create))[argc];
#else
  (void)argc;
  return 0;
#endif
}

Determining if the function pthread_create exists in the pthreads failed with the following output:
Change Dir: /home/jiwoo/catkin_ws/build/launchgui/CMakeFiles/CMakeTmp

Run Build Command:"/usr/bin/make" "cmTC_86efb/fast"
/usr/bin/make -f CMakeFiles/cmTC_86efb.dir/build.make CMakeFiles/cmTC_86efb.dir/build
make[1]: Entering directory '/home/jiwoo/catkin_ws/build/launchgui/CMakeFiles/CMakeTmp'
Building C object CMakeFiles/cmTC_86efb.dir/CheckFunctionExists.c.o
/usr/bin/cc   -DCHECK_FUNCTION_EXISTS=pthread_create   -o CMakeFiles/cmTC_86efb.dir/CheckFunctionExists.c.o   -c /usr/share/cmake-3.10/Modules/CheckFunctionExists.c
Linking C executable cmTC_86efb
/usr/bin/cmake -E cmake_link_script CMakeFiles/cmTC_86efb.dir/link.txt --verbose=1
/usr/bin/cc  -DCHECK_FUNCTION_EXISTS=pthread_create    -rdynamic CMakeFiles/cmTC_86efb.dir/CheckFunctionExists.c.o  -o cmTC_86efb -lpthreads 
/usr/bin/ld: cannot find -lpthreads
collect2: error: ld returned 1 exit status
CMakeFiles/cmTC_86efb.dir/build.make:97: recipe for target 'cmTC_86efb' failed
make[1]: *** [cmTC_86efb] Error 1
make[1]: Leaving directory '/home/jiwoo/catkin_ws/build/launchgui/CMakeFiles/CMakeTmp'
Makefile:126: recipe for target 'cmTC_86efb/fast' failed
make: *** [cmTC_86efb/fast] Error 2


Determining if the Q_WS_WIN exist failed with the following output:
Change Dir: /home/jiwoo/catkin_ws/build/launchgui/CMakeFiles/CMakeTmp

Run Build Command:"/usr/bin/make" "cmTC_a490e/fast"
/usr/bin/make -f CMakeFiles/cmTC_a490e.dir/build.make CMakeFiles/cmTC_a490e.dir/build
make[1]: Entering directory '/home/jiwoo/catkin_ws/build/launchgui/CMakeFiles/CMakeTmp'
Building CXX object CMakeFiles/cmTC_a490e.dir/CheckSymbolExists.cxx.o
/usr/bin/c++   -I/usr/include/qt4   -o CMakeFiles/cmTC_a490e.dir/CheckSymbolExists.cxx.o -c /home/jiwoo/catkin_ws/build/launchgui/CMakeFiles/CMakeTmp/CheckSymbolExists.cxx
/home/jiwoo/catkin_ws/build/launchgui/CMakeFiles/CMakeTmp/CheckSymbolExists.cxx: In function ‘int main(int, char**)’:
/home/jiwoo/catkin_ws/build/launchgui/CMakeFiles/CMakeTmp/CheckSymbolExists.cxx:8:19: error: ‘Q_WS_WIN’ was not declared in this scope
   return ((int*)(&Q_WS_WIN))[argc];
                   ^~~~~~~~
/home/jiwoo/catkin_ws/build/launchgui/CMakeFiles/CMakeTmp/CheckSymbolExists.cxx:8:19: note: suggested alternative: ‘Q_WS_X11’
   return ((int*)(&Q_WS_WIN))[argc];
                   ^~~~~~~~
                   Q_WS_X11
CMakeFiles/cmTC_a490e.dir/build.make:65: recipe for target 'CMakeFiles/cmTC_a490e.dir/CheckSymbolExists.cxx.o' failed
make[1]: *** [CMakeFiles/cmTC_a490e.dir/CheckSymbolExists.cxx.o] Error 1
make[1]: Leaving directory '/home/jiwoo/catkin_ws/build/launchgui/CMakeFiles/CMakeTmp'
Makefile:126: recipe for target 'cmTC_a490e/fast' failed
make: *** [cmTC_a490e/fast] Error 2

File /home/jiwoo/catkin_ws/build/launchgui/CMakeFiles/CMakeTmp/CheckSymbolExists.cxx:
/* */
#include <QtCore/qglobal.h>

int main(int argc, char** argv)
{
  (void)argv;
#ifndef Q_WS_WIN
  return ((int*)(&Q_WS_WIN))[argc];
#else
  (void)argc;
  return 0;
#endif
}

Determining if the Q_WS_QWS exist failed with the following output:
Change Dir: /home/jiwoo/catkin_ws/build/launchgui/CMakeFiles/CMakeTmp

Run Build Command:"/usr/bin/make" "cmTC_63987/fast"
/usr/bin/make -f CMakeFiles/cmTC_63987.dir/build.make CMakeFiles/cmTC_63987.dir/build
make[1]: Entering directory '/home/jiwoo/catkin_ws/build/launchgui/CMakeFiles/CMakeTmp'
Building CXX object CMakeFiles/cmTC_63987.dir/CheckSymbolExists.cxx.o
/usr/bin/c++   -I/usr/include/qt4   -o CMakeFiles/cmTC_63987.dir/CheckSymbolExists.cxx.o -c /home/jiwoo/catkin_ws/build/launchgui/CMakeFiles/CMakeTmp/CheckSymbolExists.cxx
/home/jiwoo/catkin_ws/build/launchgui/CMakeFiles/CMakeTmp/CheckSymbolExists.cxx: In function ‘int main(int, char**)’:
/home/jiwoo/catkin_ws/build/launchgui/CMakeFiles/CMakeTmp/CheckSymbolExists.cxx:8:19: error: ‘Q_WS_QWS’ was not declared in this scope
   return ((int*)(&Q_WS_QWS))[argc];
                   ^~~~~~~~
/home/jiwoo/catkin_ws/build/launchgui/CMakeFiles/CMakeTmp/CheckSymbolExists.cxx:8:19: note: suggested alternative: ‘Q_WS_X11’
   return ((int*)(&Q_WS_QWS))[argc];
                   ^~~~~~~~
                   Q_WS_X11
CMakeFiles/cmTC_63987.dir/build.make:65: recipe for target 'CMakeFiles/cmTC_63987.dir/CheckSymbolExists.cxx.o' failed
make[1]: *** [CMakeFiles/cmTC_63987.dir/CheckSymbolExists.cxx.o] Error 1
make[1]: Leaving directory '/home/jiwoo/catkin_ws/build/launchgui/CMakeFiles/CMakeTmp'
Makefile:126: recipe for target 'cmTC_63987/fast' failed
make: *** [cmTC_63987/fast] Error 2

File /home/jiwoo/catkin_ws/build/launchgui/CMakeFiles/CMakeTmp/CheckSymbolExists.cxx:
/* */
#include <QtCore/qglobal.h>

int main(int argc, char** argv)
{
  (void)argv;
#ifndef Q_WS_QWS
  return ((int*)(&Q_WS_QWS))[argc];
#else
  (void)argc;
  return 0;
#endif
}

Determining if the Q_WS_MAC exist failed with the following output:
Change Dir: /home/jiwoo/catkin_ws/build/launchgui/CMakeFiles/CMakeTmp

Run Build Command:"/usr/bin/make" "cmTC_b7bba/fast"
/usr/bin/make -f CMakeFiles/cmTC_b7bba.dir/build.make CMakeFiles/cmTC_b7bba.dir/build
make[1]: Entering directory '/home/jiwoo/catkin_ws/build/launchgui/CMakeFiles/CMakeTmp'
Building CXX object CMakeFiles/cmTC_b7bba.dir/CheckSymbolExists.cxx.o
/usr/bin/c++   -I/usr/include/qt4   -o CMakeFiles/cmTC_b7bba.dir/CheckSymbolExists.cxx.o -c /home/jiwoo/catkin_ws/build/launchgui/CMakeFiles/CMakeTmp/CheckSymbolExists.cxx
/home/jiwoo/catkin_ws/build/launchgui/CMakeFiles/CMakeTmp/CheckSymbolExists.cxx: In function ‘int main(int, char**)’:
/home/jiwoo/catkin_ws/build/launchgui/CMakeFiles/CMakeTmp/CheckSymbolExists.cxx:8:19: error: ‘Q_WS_MAC’ was not declared in this scope
   return ((int*)(&Q_WS_MAC))[argc];
                   ^~~~~~~~
/home/jiwoo/catkin_ws/build/launchgui/CMakeFiles/CMakeTmp/CheckSymbolExists.cxx:8:19: note: suggested alternative: ‘Q_WS_X11’
   return ((int*)(&Q_WS_MAC))[argc];
                   ^~~~~~~~
                   Q_WS_X11
CMakeFiles/cmTC_b7bba.dir/build.make:65: recipe for target 'CMakeFiles/cmTC_b7bba.dir/CheckSymbolExists.cxx.o' failed
make[1]: *** [CMakeFiles/cmTC_b7bba.dir/CheckSymbolExists.cxx.o] Error 1
make[1]: Leaving directory '/home/jiwoo/catkin_ws/build/launchgui/CMakeFiles/CMakeTmp'
Makefile:126: recipe for target 'cmTC_b7bba/fast' failed
make: *** [cmTC_b7bba/fast] Error 2

File /home/jiwoo/catkin_ws/build/launchgui/CMakeFiles/CMakeTmp/CheckSymbolExists.cxx:
/* */
#include <QtCore/qglobal.h>

int main(int argc, char** argv)
{
  (void)argv;
#ifndef Q_WS_MAC
  return ((int*)(&Q_WS_MAC))[argc];
#else
  (void)argc;
  return 0;
#endif
}

