[35m[1mScanning dependencies of target nodelet_generate_messages_py[0m
[35m[1mScanning dependencies of target bond_generate_messages_nodejs[0m
[  0%] Built target bond_generate_messages_nodejs
[  0%] Built target nodelet_generate_messages_py
[35m[1mScanning dependencies of target geometry_msgs_generate_messages_py[0m
[35m[1mScanning dependencies of target sensor_msgs_generate_messages_eus[0m
[  0%] Built target geometry_msgs_generate_messages_py
[  0%] Built target sensor_msgs_generate_messages_eus
[35m[1mScanning dependencies of target sensor_msgs_generate_messages_cpp[0m
[  0%] Built target sensor_msgs_generate_messages_cpp
[35m[1mScanning dependencies of target std_msgs_generate_messages_lisp[0m
[  0%] Built target std_msgs_generate_messages_lisp
[35m[1mScanning dependencies of target nodelet_generate_messages_lisp[0m
[35m[1mScanning dependencies of target geometry_msgs_generate_messages_cpp[0m
[  0%] Built target nodelet_generate_messages_lisp
[  0%] Built target geometry_msgs_generate_messages_cpp
[35m[1mScanning dependencies of target geometry_msgs_generate_messages_lisp[0m
[  0%] Built target geometry_msgs_generate_messages_lisp
[35m[1mScanning dependencies of target sensor_msgs_generate_messages_py[0m
[  0%] Built target sensor_msgs_generate_messages_py
[35m[1mScanning dependencies of target sensor_msgs_generate_messages_nodejs[0m
[  0%] Built target sensor_msgs_generate_messages_nodejs
[35m[1mScanning dependencies of target roscpp_generate_messages_cpp[0m
[  0%] Built target roscpp_generate_messages_cpp
[35m[1mScanning dependencies of target bond_generate_messages_py[0m
[35m[1mScanning dependencies of target nodelet_generate_messages_cpp[0m
[  0%] Built target bond_generate_messages_py
[  0%] Built target nodelet_generate_messages_cpp
[35m[1mScanning dependencies of target roscpp_generate_messages_py[0m
[  0%] Built target roscpp_generate_messages_py
[35m[1mScanning dependencies of target geometry_msgs_generate_messages_nodejs[0m
[35m[1mScanning dependencies of target bond_generate_messages_eus[0m
[  0%] Built target geometry_msgs_generate_messages_nodejs
[  0%] Built target bond_generate_messages_eus
[35m[1mScanning dependencies of target roscpp_generate_messages_lisp[0m
[  0%] Built target roscpp_generate_messages_lisp
[35m[1mScanning dependencies of target sensor_msgs_generate_messages_lisp[0m
[  0%] Built target sensor_msgs_generate_messages_lisp
[35m[1mScanning dependencies of target std_msgs_generate_messages_eus[0m
[  0%] Built target std_msgs_generate_messages_eus
[35m[1mScanning dependencies of target rosgraph_msgs_generate_messages_nodejs[0m
[  0%] Built target rosgraph_msgs_generate_messages_nodejs
[35m[1mScanning dependencies of target rosgraph_msgs_generate_messages_py[0m
[35m[1mScanning dependencies of target bond_generate_messages_lisp[0m
[  0%] Built target rosgraph_msgs_generate_messages_py
[35m[1mScanning dependencies of target std_msgs_generate_messages_nodejs[0m
[  0%] Built target bond_generate_messages_lisp
[35m[1mScanning dependencies of target std_msgs_generate_messages_py[0m
[  0%] Built target std_msgs_generate_messages_nodejs
[  0%] Built target std_msgs_generate_messages_py
[35m[1mScanning dependencies of target bond_generate_messages_cpp[0m
[35m[1mScanning dependencies of target geometry_msgs_generate_messages_eus[0m
[35m[1mScanning dependencies of target roscpp_generate_messages_nodejs[0m
[  0%] Built target bond_generate_messages_cpp
[  0%] Built target geometry_msgs_generate_messages_eus
[  0%] Built target roscpp_generate_messages_nodejs
[35m[1mScanning dependencies of target roscpp_generate_messages_eus[0m
[  0%] Built target roscpp_generate_messages_eus
[35m[1mScanning dependencies of target rosgraph_msgs_generate_messages_cpp[0m
[  0%] Built target rosgraph_msgs_generate_messages_cpp
[35m[1mScanning dependencies of target rosgraph_msgs_generate_messages_eus[0m
[  0%] Built target rosgraph_msgs_generate_messages_eus
[35m[1mScanning dependencies of target rosgraph_msgs_generate_messages_lisp[0m
[  0%] Built target rosgraph_msgs_generate_messages_lisp
[35m[1mScanning dependencies of target nodelet_generate_messages_eus[0m
[  0%] Built target nodelet_generate_messages_eus
[35m[1mScanning dependencies of target nodelet_generate_messages_nodejs[0m
[  0%] Built target nodelet_generate_messages_nodejs
[35m[1mScanning dependencies of target std_msgs_generate_messages_cpp[0m
[  0%] Built target std_msgs_generate_messages_cpp
[35m[1mScanning dependencies of target jetson_camera_nodelet[0m
[ 25%] [32mBuilding CXX object CMakeFiles/jetson_camera_nodelet.dir/src/jetson_camera_nodelet.cpp.o[0m
[35m[1mScanning dependencies of target jetson_camera_node[0m
[ 50%] [32mBuilding CXX object CMakeFiles/jetson_camera_node.dir/src/jetson_camera.cpp.o[0m
[ 75%] [32m[1mLinking CXX executable /home/jiwoo/catkin_ws/devel/.private/jetson_camera/lib/jetson_camera/jetson_camera_node[0m
[ 75%] Built target jetson_camera_node
[100%] [32m[1mLinking CXX shared library /home/jiwoo/catkin_ws/devel/.private/jetson_camera/lib/libjetson_camera_nodelet.so[0m
[100%] Built target jetson_camera_nodelet
